{"/home/hawas.backer/Desktop/week5/day4/src/main.ts": {"path":"/home/hawas.backer/Desktop/week5/day4/src/main.ts","statementMap":{"0":{"start":{"line":28,"column":0},"end":{"line":28,"column":16}},"1":{"start":{"line":84,"column":0},"end":{"line":84,"column":16}},"2":{"start":{"line":94,"column":0},"end":{"line":94,"column":7}},"3":{"start":{"line":1,"column":0},"end":{"line":1,"column":45}},"4":{"start":{"line":2,"column":0},"end":{"line":2,"column":45}},"5":{"start":{"line":3,"column":0},"end":{"line":3,"column":49}},"6":{"start":{"line":4,"column":0},"end":{"line":4,"column":53}},"7":{"start":{"line":5,"column":0},"end":{"line":5,"column":51}},"8":{"start":{"line":6,"column":0},"end":{"line":6,"column":52}},"9":{"start":{"line":7,"column":0},"end":{"line":7,"column":39}},"10":{"start":{"line":8,"column":0},"end":{"line":8,"column":42}},"11":{"start":{"line":9,"column":0},"end":{"line":9,"column":38}},"12":{"start":{"line":10,"column":0},"end":{"line":10,"column":54}},"13":{"start":{"line":13,"column":15},"end":{"line":19,"column":2}},"14":{"start":{"line":20,"column":13},"end":{"line":20,"column":28}},"15":{"start":{"line":22,"column":0},"end":{"line":22,"column":47}},"16":{"start":{"line":23,"column":0},"end":{"line":23,"column":47}},"17":{"start":{"line":24,"column":0},"end":{"line":24,"column":49}},"18":{"start":{"line":25,"column":0},"end":{"line":25,"column":51}},"19":{"start":{"line":26,"column":0},"end":{"line":26,"column":48}},"20":{"start":{"line":29,"column":18},"end":{"line":29,"column":48}},"21":{"start":{"line":30,"column":4},"end":{"line":41,"column":7}},"22":{"start":{"line":31,"column":8},"end":{"line":40,"column":11}},"23":{"start":{"line":32,"column":12},"end":{"line":32,"column":35}},"24":{"start":{"line":33,"column":27},"end":{"line":33,"column":53}},"25":{"start":{"line":34,"column":12},"end":{"line":34,"column":42}},"26":{"start":{"line":35,"column":12},"end":{"line":39,"column":13}},"27":{"start":{"line":36,"column":28},"end":{"line":36,"column":60}},"28":{"start":{"line":37,"column":16},"end":{"line":37,"column":47}},"29":{"start":{"line":38,"column":16},"end":{"line":38,"column":39}},"30":{"start":{"line":44,"column":0},"end":{"line":44,"column":26}},"31":{"start":{"line":46,"column":0},"end":{"line":48,"column":2}},"32":{"start":{"line":47,"column":4},"end":{"line":47,"column":11}},"33":{"start":{"line":50,"column":0},"end":{"line":52,"column":3}},"34":{"start":{"line":51,"column":4},"end":{"line":51,"column":11}},"35":{"start":{"line":55,"column":19},"end":{"line":55,"column":45}},"36":{"start":{"line":56,"column":14},"end":{"line":56,"column":16}},"37":{"start":{"line":57,"column":4},"end":{"line":62,"column":5}},"38":{"start":{"line":58,"column":24},"end":{"line":58,"column":43}},"39":{"start":{"line":59,"column":8},"end":{"line":59,"column":52}},"40":{"start":{"line":60,"column":21},"end":{"line":60,"column":61}},"41":{"start":{"line":61,"column":8},"end":{"line":61,"column":33}},"42":{"start":{"line":63,"column":4},"end":{"line":69,"column":5}},"43":{"start":{"line":64,"column":8},"end":{"line":64,"column":37}},"44":{"start":{"line":66,"column":20},"end":{"line":66,"column":43}},"45":{"start":{"line":67,"column":8},"end":{"line":67,"column":42}},"46":{"start":{"line":68,"column":8},"end":{"line":68,"column":32}},"47":{"start":{"line":73,"column":28},"end":{"line":79,"column":2}},"48":{"start":{"line":81,"column":13},"end":{"line":81,"column":56}},"49":{"start":{"line":85,"column":4},"end":{"line":91,"column":7}},"50":{"start":{"line":95,"column":4},"end":{"line":98,"column":7}},"51":{"start":{"line":102,"column":0},"end":{"line":105,"column":3}},"52":{"start":{"line":103,"column":4},"end":{"line":103,"column":62}},"53":{"start":{"line":104,"column":4},"end":{"line":104,"column":35}},"54":{"start":{"line":106,"column":0},"end":{"line":109,"column":3}},"55":{"start":{"line":108,"column":4},"end":{"line":108,"column":35}},"56":{"start":{"line":111,"column":14},"end":{"line":111,"column":27}},"57":{"start":{"line":112,"column":0},"end":{"line":112,"column":31}},"58":{"start":{"line":113,"column":0},"end":{"line":121,"column":3}},"59":{"start":{"line":114,"column":4},"end":{"line":120,"column":5}},"60":{"start":{"line":115,"column":23},"end":{"line":115,"column":57}},"61":{"start":{"line":116,"column":8},"end":{"line":119,"column":9}},"62":{"start":{"line":117,"column":12},"end":{"line":118,"column":48}},"63":{"start":{"line":118,"column":16},"end":{"line":118,"column":48}}},"fnMap":{"0":{"name":"addAnchorEventListeners","decl":{"start":{"line":28,"column":16},"end":{"line":28,"column":39}},"loc":{"start":{"line":28,"column":39},"end":{"line":42,"column":1}}},"1":{"name":"(anonymous_1)","decl":{"start":{"line":30,"column":18},"end":{"line":30,"column":19}},"loc":{"start":{"line":30,"column":30},"end":{"line":41,"column":5}}},"2":{"name":"(anonymous_2)","decl":{"start":{"line":31,"column":42},"end":{"line":31,"column":43}},"loc":{"start":{"line":31,"column":52},"end":{"line":40,"column":9}}},"3":{"name":"(anonymous_3)","decl":{"start":{"line":46,"column":16},"end":{"line":46,"column":17}},"loc":{"start":{"line":46,"column":26},"end":{"line":48,"column":1}}},"4":{"name":"(anonymous_4)","decl":{"start":{"line":50,"column":36},"end":{"line":50,"column":37}},"loc":{"start":{"line":50,"column":46},"end":{"line":52,"column":1}}},"5":{"name":"init","decl":{"start":{"line":54,"column":9},"end":{"line":54,"column":13}},"loc":{"start":{"line":54,"column":13},"end":{"line":70,"column":1}}},"6":{"name":"onRouteChange","decl":{"start":{"line":84,"column":16},"end":{"line":84,"column":29}},"loc":{"start":{"line":84,"column":58},"end":{"line":92,"column":1}}},"7":{"name":"onMoviesListChange","decl":{"start":{"line":94,"column":22},"end":{"line":94,"column":40}},"loc":{"start":{"line":94,"column":75},"end":{"line":99,"column":1}}},"8":{"name":"(anonymous_8)","decl":{"start":{"line":102,"column":33},"end":{"line":102,"column":34}},"loc":{"start":{"line":102,"column":50},"end":{"line":105,"column":1}}},"9":{"name":"(anonymous_9)","decl":{"start":{"line":106,"column":38},"end":{"line":106,"column":39}},"loc":{"start":{"line":106,"column":55},"end":{"line":109,"column":1}}},"10":{"name":"(anonymous_10)","decl":{"start":{"line":113,"column":35},"end":{"line":113,"column":36}},"loc":{"start":{"line":113,"column":45},"end":{"line":121,"column":1}}}},"branchMap":{"0":{"loc":{"start":{"line":35,"column":12},"end":{"line":39,"column":13}},"type":"if","locations":[{"start":{"line":35,"column":12},"end":{"line":39,"column":13}},{"start":{},"end":{}}]},"1":{"loc":{"start":{"line":57,"column":4},"end":{"line":62,"column":5}},"type":"if","locations":[{"start":{"line":57,"column":4},"end":{"line":62,"column":5}},{"start":{},"end":{}}]},"2":{"loc":{"start":{"line":63,"column":4},"end":{"line":69,"column":5}},"type":"if","locations":[{"start":{"line":63,"column":4},"end":{"line":69,"column":5}},{"start":{"line":65,"column":11},"end":{"line":69,"column":5}}]},"3":{"loc":{"start":{"line":114,"column":4},"end":{"line":120,"column":5}},"type":"if","locations":[{"start":{"line":114,"column":4},"end":{"line":120,"column":5}},{"start":{},"end":{}}]},"4":{"loc":{"start":{"line":116,"column":8},"end":{"line":119,"column":9}},"type":"if","locations":[{"start":{"line":116,"column":8},"end":{"line":119,"column":9}},{"start":{},"end":{}}]},"5":{"loc":{"start":{"line":117,"column":12},"end":{"line":118,"column":48}},"type":"if","locations":[{"start":{"line":117,"column":12},"end":{"line":118,"column":48}},{"start":{},"end":{}}]}},"s":{"0":5,"1":5,"2":5,"3":5,"4":5,"5":5,"6":5,"7":5,"8":5,"9":5,"10":5,"11":5,"12":5,"13":5,"14":5,"15":5,"16":5,"17":5,"18":5,"19":5,"20":6,"21":6,"22":4,"23":4,"24":4,"25":4,"26":4,"27":4,"28":4,"29":4,"30":5,"31":5,"32":3,"33":5,"34":0,"35":3,"36":3,"37":3,"38":1,"39":1,"40":1,"41":1,"42":3,"43":0,"44":3,"45":3,"46":3,"47":5,"48":5,"49":8,"50":1,"51":5,"52":8,"53":8,"54":5,"55":1,"56":5,"57":5,"58":5,"59":1,"60":1,"61":1,"62":1,"63":1},"f":{"0":6,"1":4,"2":4,"3":3,"4":0,"5":3,"6":8,"7":1,"8":8,"9":1,"10":1},"b":{"0":[4,0],"1":[1,2],"2":[0,3],"3":[1,0],"4":[1,0],"5":[1,0]}}
,"/home/hawas.backer/Desktop/week5/day4/src/pages/detail.ts": {"path":"/home/hawas.backer/Desktop/week5/day4/src/pages/detail.ts","statementMap":{"0":{"start":{"line":3,"column":0},"end":{"line":3,"column":7}},"1":{"start":{"line":1,"column":0},"end":{"line":1,"column":40}},"2":{"start":{"line":4,"column":29},"end":{"line":4,"column":58}},"3":{"start":{"line":5,"column":4},"end":{"line":5,"column":45}},"4":{"start":{"line":7,"column":25},"end":{"line":7,"column":64}},"5":{"start":{"line":8,"column":28},"end":{"line":8,"column":57}},"6":{"start":{"line":9,"column":14},"end":{"line":9,"column":75}},"7":{"start":{"line":10,"column":17},"end":{"line":10,"column":37}},"8":{"start":{"line":12,"column":4},"end":{"line":43,"column":5}},"9":{"start":{"line":13,"column":20},"end":{"line":13,"column":58}},"10":{"start":{"line":15,"column":12},"end":{"line":15,"column":65}},"11":{"start":{"line":16,"column":30},"end":{"line":16,"column":77}},"12":{"start":{"line":17,"column":28},"end":{"line":17,"column":68}},"13":{"start":{"line":18,"column":31},"end":{"line":18,"column":74}},"14":{"start":{"line":19,"column":29},"end":{"line":19,"column":70}},"15":{"start":{"line":20,"column":21},"end":{"line":20,"column":61}},"16":{"start":{"line":21,"column":23},"end":{"line":21,"column":67}},"17":{"start":{"line":23,"column":8},"end":{"line":23,"column":33}},"18":{"start":{"line":24,"column":8},"end":{"line":24,"column":48}},"19":{"start":{"line":25,"column":8},"end":{"line":25,"column":55}},"20":{"start":{"line":26,"column":8},"end":{"line":26,"column":47}},"21":{"start":{"line":27,"column":8},"end":{"line":27,"column":53}},"22":{"start":{"line":28,"column":8},"end":{"line":28,"column":49}},"23":{"start":{"line":29,"column":8},"end":{"line":29,"column":40}},"24":{"start":{"line":30,"column":8},"end":{"line":30,"column":46}},"25":{"start":{"line":31,"column":8},"end":{"line":31,"column":45}},"26":{"start":{"line":32,"column":8},"end":{"line":32,"column":48}},"27":{"start":{"line":33,"column":8},"end":{"line":33,"column":48}},"28":{"start":{"line":34,"column":8},"end":{"line":34,"column":46}},"29":{"start":{"line":35,"column":8},"end":{"line":35,"column":51}},"30":{"start":{"line":37,"column":28},"end":{"line":37,"column":58}},"31":{"start":{"line":39,"column":8},"end":{"line":39,"column":36}},"32":{"start":{"line":40,"column":8},"end":{"line":40,"column":46}},"33":{"start":{"line":42,"column":8},"end":{"line":42,"column":61}}},"fnMap":{"0":{"name":"renderDetailPage","decl":{"start":{"line":3,"column":22},"end":{"line":3,"column":38}},"loc":{"start":{"line":3,"column":53},"end":{"line":44,"column":1}}}},"branchMap":{"0":{"loc":{"start":{"line":12,"column":4},"end":{"line":43,"column":5}},"type":"if","locations":[{"start":{"line":12,"column":4},"end":{"line":43,"column":5}},{"start":{"line":41,"column":11},"end":{"line":43,"column":5}}]}},"s":{"0":4,"1":4,"2":1,"3":1,"4":1,"5":1,"6":1,"7":1,"8":1,"9":1,"10":1,"11":1,"12":1,"13":1,"14":1,"15":1,"16":1,"17":1,"18":1,"19":1,"20":1,"21":1,"22":1,"23":1,"24":1,"25":1,"26":1,"27":1,"28":1,"29":1,"30":1,"31":1,"32":1,"33":0},"f":{"0":1},"b":{"0":[1,0]}}
,"/home/hawas.backer/Desktop/week5/day4/src/pages/home.ts": {"path":"/home/hawas.backer/Desktop/week5/day4/src/pages/home.ts","statementMap":{"0":{"start":{"line":4,"column":0},"end":{"line":4,"column":7}},"1":{"start":{"line":1,"column":0},"end":{"line":1,"column":39}},"2":{"start":{"line":2,"column":0},"end":{"line":2,"column":41}},"3":{"start":{"line":5,"column":29},"end":{"line":5,"column":58}},"4":{"start":{"line":6,"column":24},"end":{"line":6,"column":53}},"5":{"start":{"line":7,"column":25},"end":{"line":7,"column":54}},"6":{"start":{"line":8,"column":27},"end":{"line":8,"column":56}},"7":{"start":{"line":9,"column":27},"end":{"line":9,"column":56}},"8":{"start":{"line":10,"column":23},"end":{"line":10,"column":52}},"9":{"start":{"line":11,"column":22},"end":{"line":11,"column":50}},"10":{"start":{"line":12,"column":29},"end":{"line":12,"column":58}},"11":{"start":{"line":14,"column":4},"end":{"line":14,"column":43}},"12":{"start":{"line":15,"column":4},"end":{"line":15,"column":38}},"13":{"start":{"line":16,"column":4},"end":{"line":16,"column":44}},"14":{"start":{"line":17,"column":4},"end":{"line":17,"column":44}},"15":{"start":{"line":18,"column":4},"end":{"line":19,"column":177}},"16":{"start":{"line":20,"column":4},"end":{"line":20,"column":45}},"17":{"start":{"line":21,"column":4},"end":{"line":21,"column":43}},"18":{"start":{"line":23,"column":4},"end":{"line":23,"column":69}},"19":{"start":{"line":24,"column":4},"end":{"line":24,"column":52}},"20":{"start":{"line":26,"column":4},"end":{"line":51,"column":5}},"21":{"start":{"line":27,"column":21},"end":{"line":27,"column":37}},"22":{"start":{"line":28,"column":8},"end":{"line":41,"column":9}},"23":{"start":{"line":28,"column":21},"end":{"line":28,"column":22}},"24":{"start":{"line":29,"column":25},"end":{"line":29,"column":40}},"25":{"start":{"line":30,"column":12},"end":{"line":30,"column":47}},"26":{"start":{"line":31,"column":40},"end":{"line":31,"column":58}},"27":{"start":{"line":32,"column":23},"end":{"line":38,"column":null}},"28":{"start":{"line":40,"column":12},"end":{"line":40,"column":47}},"29":{"start":{"line":42,"column":8},"end":{"line":42,"column":55}},"30":{"start":{"line":43,"column":8},"end":{"line":43,"column":57}},"31":{"start":{"line":45,"column":28},"end":{"line":45,"column":58}},"32":{"start":{"line":47,"column":8},"end":{"line":47,"column":36}},"33":{"start":{"line":48,"column":8},"end":{"line":48,"column":46}},"34":{"start":{"line":50,"column":8},"end":{"line":50,"column":29}}},"fnMap":{"0":{"name":"renderHomePage","decl":{"start":{"line":4,"column":22},"end":{"line":4,"column":36}},"loc":{"start":{"line":4,"column":36},"end":{"line":52,"column":1}}}},"branchMap":{},"s":{"0":5,"1":5,"2":5,"3":5,"4":5,"5":5,"6":5,"7":5,"8":5,"9":5,"10":5,"11":5,"12":5,"13":5,"14":5,"15":5,"16":5,"17":5,"18":5,"19":5,"20":5,"21":5,"22":5,"23":5,"24":15,"25":15,"26":15,"27":15,"28":15,"29":5,"30":5,"31":5,"32":5,"33":5,"34":0},"f":{"0":5},"b":{}}
,"/home/hawas.backer/Desktop/week5/day4/src/pages/list.ts": {"path":"/home/hawas.backer/Desktop/week5/day4/src/pages/list.ts","statementMap":{"0":{"start":{"line":5,"column":0},"end":{"line":5,"column":7}},"1":{"start":{"line":1,"column":0},"end":{"line":1,"column":39}},"2":{"start":{"line":2,"column":0},"end":{"line":2,"column":41}},"3":{"start":{"line":3,"column":0},"end":{"line":3,"column":45}},"4":{"start":{"line":6,"column":29},"end":{"line":6,"column":58}},"5":{"start":{"line":7,"column":27},"end":{"line":7,"column":55}},"6":{"start":{"line":8,"column":27},"end":{"line":8,"column":56}},"7":{"start":{"line":9,"column":26},"end":{"line":9,"column":55}},"8":{"start":{"line":10,"column":24},"end":{"line":10,"column":54}},"9":{"start":{"line":12,"column":4},"end":{"line":12,"column":43}},"10":{"start":{"line":13,"column":4},"end":{"line":13,"column":44}},"11":{"start":{"line":14,"column":4},"end":{"line":14,"column":49}},"12":{"start":{"line":16,"column":4},"end":{"line":16,"column":42}},"13":{"start":{"line":17,"column":4},"end":{"line":17,"column":60}},"14":{"start":{"line":19,"column":4},"end":{"line":19,"column":32}},"15":{"start":{"line":21,"column":4},"end":{"line":42,"column":5}},"16":{"start":{"line":22,"column":21},"end":{"line":22,"column":37}},"17":{"start":{"line":23,"column":8},"end":{"line":36,"column":9}},"18":{"start":{"line":23,"column":21},"end":{"line":23,"column":22}},"19":{"start":{"line":24,"column":25},"end":{"line":24,"column":40}},"20":{"start":{"line":25,"column":12},"end":{"line":25,"column":47}},"21":{"start":{"line":26,"column":40},"end":{"line":26,"column":58}},"22":{"start":{"line":27,"column":23},"end":{"line":33,"column":null}},"23":{"start":{"line":35,"column":12},"end":{"line":35,"column":44}},"24":{"start":{"line":37,"column":8},"end":{"line":37,"column":47}},"25":{"start":{"line":38,"column":8},"end":{"line":38,"column":47}},"26":{"start":{"line":39,"column":8},"end":{"line":39,"column":46}},"27":{"start":{"line":41,"column":8},"end":{"line":41,"column":56}}},"fnMap":{"0":{"name":"renderListPage","decl":{"start":{"line":5,"column":22},"end":{"line":5,"column":36}},"loc":{"start":{"line":5,"column":36},"end":{"line":43,"column":1}}}},"branchMap":{},"s":{"0":5,"1":5,"2":5,"3":5,"4":2,"5":2,"6":2,"7":2,"8":2,"9":2,"10":2,"11":2,"12":2,"13":2,"14":2,"15":2,"16":2,"17":2,"18":2,"19":200,"20":200,"21":200,"22":200,"23":200,"24":2,"25":2,"26":2,"27":0},"f":{"0":2},"b":{}}
,"/home/hawas.backer/Desktop/week5/day4/src/pages/settings.ts": {"path":"/home/hawas.backer/Desktop/week5/day4/src/pages/settings.ts","statementMap":{"0":{"start":{"line":1,"column":0},"end":{"line":1,"column":16}},"1":{"start":{"line":2,"column":29},"end":{"line":2,"column":58}},"2":{"start":{"line":3,"column":30},"end":{"line":3,"column":59}},"3":{"start":{"line":4,"column":24},"end":{"line":4,"column":56}},"4":{"start":{"line":5,"column":29},"end":{"line":5,"column":61}},"5":{"start":{"line":6,"column":33},"end":{"line":6,"column":65}},"6":{"start":{"line":7,"column":32},"end":{"line":7,"column":64}},"7":{"start":{"line":8,"column":32},"end":{"line":8,"column":64}},"8":{"start":{"line":10,"column":4},"end":{"line":10,"column":47}},"9":{"start":{"line":11,"column":4},"end":{"line":11,"column":57}},"10":{"start":{"line":12,"column":4},"end":{"line":12,"column":47}},"11":{"start":{"line":13,"column":4},"end":{"line":13,"column":52}},"12":{"start":{"line":14,"column":4},"end":{"line":14,"column":56}},"13":{"start":{"line":15,"column":4},"end":{"line":15,"column":55}},"14":{"start":{"line":16,"column":4},"end":{"line":16,"column":55}},"15":{"start":{"line":18,"column":4},"end":{"line":18,"column":38}},"16":{"start":{"line":19,"column":4},"end":{"line":19,"column":49}},"17":{"start":{"line":20,"column":4},"end":{"line":20,"column":58}},"18":{"start":{"line":21,"column":4},"end":{"line":21,"column":55}},"19":{"start":{"line":22,"column":4},"end":{"line":22,"column":55}},"20":{"start":{"line":24,"column":4},"end":{"line":30,"column":6}},"21":{"start":{"line":31,"column":4},"end":{"line":31,"column":47}},"22":{"start":{"line":33,"column":24},"end":{"line":33,"column":54}},"23":{"start":{"line":35,"column":4},"end":{"line":35,"column":32}},"24":{"start":{"line":36,"column":4},"end":{"line":36,"column":42}}},"fnMap":{"0":{"name":"renderSettingsPage","decl":{"start":{"line":1,"column":16},"end":{"line":1,"column":34}},"loc":{"start":{"line":1,"column":34},"end":{"line":37,"column":1}}}},"branchMap":{},"s":{"0":5,"1":1,"2":1,"3":1,"4":1,"5":1,"6":1,"7":1,"8":1,"9":1,"10":1,"11":1,"12":1,"13":1,"14":1,"15":1,"16":1,"17":1,"18":1,"19":1,"20":1,"21":1,"22":1,"23":1,"24":1},"f":{"0":1},"b":{}}
,"/home/hawas.backer/Desktop/week5/day4/src/pages/watchlist.ts": {"path":"/home/hawas.backer/Desktop/week5/day4/src/pages/watchlist.ts","statementMap":{"0":{"start":{"line":1,"column":0},"end":{"line":1,"column":16}},"1":{"start":{"line":38,"column":0},"end":{"line":38,"column":16}},"2":{"start":{"line":2,"column":29},"end":{"line":2,"column":58}},"3":{"start":{"line":3,"column":34},"end":{"line":3,"column":63}},"4":{"start":{"line":4,"column":19},"end":{"line":4,"column":51}},"5":{"start":{"line":5,"column":29},"end":{"line":5,"column":57}},"6":{"start":{"line":6,"column":27},"end":{"line":6,"column":56}},"7":{"start":{"line":7,"column":38},"end":{"line":7,"column":67}},"8":{"start":{"line":9,"column":4},"end":{"line":9,"column":48}},"9":{"start":{"line":10,"column":4},"end":{"line":10,"column":58}},"10":{"start":{"line":11,"column":4},"end":{"line":11,"column":44}},"11":{"start":{"line":12,"column":4},"end":{"line":12,"column":66}},"12":{"start":{"line":14,"column":4},"end":{"line":14,"column":44}},"13":{"start":{"line":15,"column":4},"end":{"line":15,"column":41}},"14":{"start":{"line":17,"column":4},"end":{"line":17,"column":53}},"15":{"start":{"line":18,"column":4},"end":{"line":23,"column":6}},"16":{"start":{"line":25,"column":24},"end":{"line":25,"column":54}},"17":{"start":{"line":27,"column":4},"end":{"line":27,"column":32}},"18":{"start":{"line":28,"column":4},"end":{"line":28,"column":42}},"19":{"start":{"line":29,"column":4},"end":{"line":35,"column":7}},"20":{"start":{"line":30,"column":8},"end":{"line":34,"column":9}},"21":{"start":{"line":31,"column":12},"end":{"line":31,"column":29}},"22":{"start":{"line":33,"column":12},"end":{"line":33,"column":31}},"23":{"start":{"line":39,"column":20},"end":{"line":39,"column":54}},"24":{"start":{"line":40,"column":4},"end":{"line":44,"column":5}},"25":{"start":{"line":41,"column":8},"end":{"line":41,"column":39}},"26":{"start":{"line":43,"column":8},"end":{"line":43,"column":45}}},"fnMap":{"0":{"name":"renderWatchList","decl":{"start":{"line":1,"column":16},"end":{"line":1,"column":31}},"loc":{"start":{"line":1,"column":31},"end":{"line":36,"column":1}}},"1":{"name":"(anonymous_1)","decl":{"start":{"line":29,"column":37},"end":{"line":29,"column":40}},"loc":{"start":{"line":29,"column":42},"end":{"line":35,"column":5}}},"2":{"name":"displayOverlay","decl":{"start":{"line":38,"column":16},"end":{"line":38,"column":30}},"loc":{"start":{"line":38,"column":30},"end":{"line":45,"column":1}}}},"branchMap":{"0":{"loc":{"start":{"line":40,"column":4},"end":{"line":44,"column":5}},"type":"if","locations":[{"start":{"line":40,"column":4},"end":{"line":44,"column":5}},{"start":{"line":42,"column":11},"end":{"line":44,"column":5}}]}},"s":{"0":5,"1":5,"2":4,"3":4,"4":4,"5":4,"6":4,"7":4,"8":4,"9":4,"10":4,"11":4,"12":4,"13":4,"14":4,"15":4,"16":4,"17":4,"18":4,"19":4,"20":4,"21":4,"22":0,"23":5,"24":5,"25":4,"26":1},"f":{"0":4,"1":4,"2":5},"b":{"0":[4,1]}}
,"/home/hawas.backer/Desktop/week5/day4/src/utils/apiClient.ts": {"path":"/home/hawas.backer/Desktop/week5/day4/src/utils/apiClient.ts","statementMap":{"0":{"start":{"line":1,"column":0},"end":{"line":1,"column":7}},"1":{"start":{"line":3,"column":4},"end":{"line":13,"column":5}},"2":{"start":{"line":4,"column":25},"end":{"line":4,"column":50}},"3":{"start":{"line":5,"column":8},"end":{"line":7,"column":9}},"4":{"start":{"line":6,"column":12},"end":{"line":6,"column":52}},"5":{"start":{"line":8,"column":8},"end":{"line":8,"column":45}},"6":{"start":{"line":10,"column":8},"end":{"line":12,"column":9}},"7":{"start":{"line":11,"column":12},"end":{"line":11,"column":43}},"8":{"start":{"line":15,"column":4},"end":{"line":15,"column":24}},"9":{"start":{"line":22,"column":8},"end":{"line":22,"column":31}},"10":{"start":{"line":27,"column":8},"end":{"line":27,"column":52}},"11":{"start":{"line":28,"column":8},"end":{"line":28,"column":30}},"12":{"start":{"line":30,"column":8},"end":{"line":30,"column":24}},"13":{"start":{"line":34,"column":18},"end":{"line":34,"column":37}},"14":{"start":{"line":35,"column":21},"end":{"line":35,"column":52}},"15":{"start":{"line":37,"column":8},"end":{"line":37,"column":48}},"16":{"start":{"line":41,"column":8},"end":{"line":41,"column":49}},"17":{"start":{"line":45,"column":8},"end":{"line":51,"column":11}},"18":{"start":{"line":55,"column":8},"end":{"line":61,"column":11}},"19":{"start":{"line":65,"column":8},"end":{"line":67,"column":11}},"20":{"start":{"line":18,"column":0},"end":{"line":18,"column":13}}},"fnMap":{"0":{"name":"fetchJson","decl":{"start":{"line":1,"column":22},"end":{"line":1,"column":31}},"loc":{"start":{"line":1,"column":63},"end":{"line":16,"column":1}}},"1":{"name":"(anonymous_1)","decl":{"start":{"line":21,"column":4},"end":{"line":21,"column":16}},"loc":{"start":{"line":21,"column":31},"end":{"line":23,"column":5}}},"2":{"name":"(anonymous_2)","decl":{"start":{"line":25,"column":4},"end":{"line":25,"column":9}},"loc":{"start":{"line":25,"column":44},"end":{"line":31,"column":5}}},"3":{"name":"(anonymous_3)","decl":{"start":{"line":33,"column":4},"end":{"line":33,"column":9}},"loc":{"start":{"line":33,"column":63},"end":{"line":38,"column":5}}},"4":{"name":"(anonymous_4)","decl":{"start":{"line":40,"column":4},"end":{"line":40,"column":9}},"loc":{"start":{"line":40,"column":29},"end":{"line":42,"column":5}}},"5":{"name":"(anonymous_5)","decl":{"start":{"line":44,"column":4},"end":{"line":44,"column":9}},"loc":{"start":{"line":44,"column":42},"end":{"line":52,"column":5}}},"6":{"name":"(anonymous_6)","decl":{"start":{"line":54,"column":4},"end":{"line":54,"column":9}},"loc":{"start":{"line":54,"column":41},"end":{"line":62,"column":5}}},"7":{"name":"(anonymous_7)","decl":{"start":{"line":64,"column":4},"end":{"line":64,"column":9}},"loc":{"start":{"line":64,"column":32},"end":{"line":68,"column":5}}}},"branchMap":{"0":{"loc":{"start":{"line":5,"column":8},"end":{"line":7,"column":9}},"type":"if","locations":[{"start":{"line":5,"column":8},"end":{"line":7,"column":9}},{"start":{},"end":{}}]},"1":{"loc":{"start":{"line":10,"column":8},"end":{"line":12,"column":9}},"type":"if","locations":[{"start":{"line":10,"column":8},"end":{"line":12,"column":9}},{"start":{},"end":{}}]}},"s":{"0":2,"1":5,"2":5,"3":5,"4":1,"5":4,"6":1,"7":1,"8":4,"9":1,"10":4,"11":4,"12":4,"13":4,"14":4,"15":4,"16":1,"17":1,"18":1,"19":1,"20":2},"f":{"0":5,"1":1,"2":4,"3":4,"4":1,"5":1,"6":1,"7":1},"b":{"0":[1,4],"1":[1,0]}}
,"/home/hawas.backer/Desktop/week5/day4/src/utils/queue.ts": {"path":"/home/hawas.backer/Desktop/week5/day4/src/utils/queue.ts","statementMap":{"0":{"start":{"line":4,"column":8},"end":{"line":4,"column":24}},"1":{"start":{"line":7,"column":8},"end":{"line":7,"column":29}},"2":{"start":{"line":10,"column":8},"end":{"line":10,"column":34}},"3":{"start":{"line":13,"column":8},"end":{"line":13,"column":29}},"4":{"start":{"line":16,"column":8},"end":{"line":16,"column":39}},"5":{"start":{"line":1,"column":0},"end":{"line":1,"column":13}}},"fnMap":{"0":{"name":"(anonymous_0)","decl":{"start":{"line":3,"column":4},"end":{"line":3,"column":null}},"loc":{"start":{"line":3,"column":4},"end":{"line":5,"column":5}}},"1":{"name":"(anonymous_1)","decl":{"start":{"line":6,"column":4},"end":{"line":6,"column":11}},"loc":{"start":{"line":6,"column":18},"end":{"line":8,"column":5}}},"2":{"name":"(anonymous_2)","decl":{"start":{"line":9,"column":4},"end":{"line":9,"column":11}},"loc":{"start":{"line":9,"column":11},"end":{"line":11,"column":5}}},"3":{"name":"(anonymous_3)","decl":{"start":{"line":12,"column":4},"end":{"line":12,"column":8}},"loc":{"start":{"line":12,"column":8},"end":{"line":14,"column":5}}},"4":{"name":"(anonymous_4)","decl":{"start":{"line":15,"column":4},"end":{"line":15,"column":11}},"loc":{"start":{"line":15,"column":11},"end":{"line":17,"column":5}}}},"branchMap":{},"s":{"0":3,"1":3,"2":3,"3":0,"4":3,"5":1},"f":{"0":3,"1":3,"2":3,"3":0,"4":3},"b":{}}
,"/home/hawas.backer/Desktop/week5/day4/src/utils/searchMovie.ts": {"path":"/home/hawas.backer/Desktop/week5/day4/src/utils/searchMovie.ts","statementMap":{"0":{"start":{"line":4,"column":0},"end":{"line":4,"column":7}},"1":{"start":{"line":1,"column":0},"end":{"line":1,"column":35}},"2":{"start":{"line":2,"column":0},"end":{"line":2,"column":48}},"3":{"start":{"line":5,"column":14},"end":{"line":5,"column":73}},"4":{"start":{"line":6,"column":18},"end":{"line":6,"column":38}},"5":{"start":{"line":7,"column":4},"end":{"line":9,"column":5}},"6":{"start":{"line":8,"column":8},"end":{"line":8,"column":48}},"7":{"start":{"line":10,"column":21},"end":{"line":10,"column":35}},"8":{"start":{"line":11,"column":29},"end":{"line":11,"column":62}},"9":{"start":{"line":12,"column":4},"end":{"line":21,"column":5}},"10":{"start":{"line":13,"column":19},"end":{"line":16,"column":null}},"11":{"start":{"line":18,"column":8},"end":{"line":18,"column":43}},"12":{"start":{"line":20,"column":8},"end":{"line":20,"column":38}},"13":{"start":{"line":23,"column":4},"end":{"line":23,"column":28}}},"fnMap":{"0":{"name":"searchMovie","decl":{"start":{"line":4,"column":22},"end":{"line":4,"column":33}},"loc":{"start":{"line":4,"column":46},"end":{"line":24,"column":1}}}},"branchMap":{"0":{"loc":{"start":{"line":7,"column":4},"end":{"line":9,"column":5}},"type":"if","locations":[{"start":{"line":7,"column":4},"end":{"line":9,"column":5}},{"start":{},"end":{}}]}},"s":{"0":5,"1":5,"2":5,"3":2,"4":2,"5":2,"6":1,"7":1,"8":1,"9":1,"10":10,"11":10,"12":10,"13":1},"f":{"0":2},"b":{"0":[1,1]}}
,"/home/hawas.backer/Desktop/week5/day4/src/utils/showToast.ts": {"path":"/home/hawas.backer/Desktop/week5/day4/src/utils/showToast.ts","statementMap":{"0":{"start":{"line":1,"column":0},"end":{"line":1,"column":16}},"1":{"start":{"line":6,"column":19},"end":{"line":6,"column":58}},"2":{"start":{"line":7,"column":4},"end":{"line":9,"column":7}},"3":{"start":{"line":8,"column":8},"end":{"line":8,"column":23}},"4":{"start":{"line":10,"column":29},"end":{"line":10,"column":58}},"5":{"start":{"line":11,"column":4},"end":{"line":11,"column":42}},"6":{"start":{"line":12,"column":4},"end":{"line":12,"column":48}},"7":{"start":{"line":13,"column":34},"end":{"line":13,"column":63}},"8":{"start":{"line":14,"column":4},"end":{"line":14,"column":58}},"9":{"start":{"line":15,"column":25},"end":{"line":15,"column":54}},"10":{"start":{"line":16,"column":31},"end":{"line":16,"column":60}},"11":{"start":{"line":17,"column":4},"end":{"line":17,"column":52}},"12":{"start":{"line":18,"column":4},"end":{"line":23,"column":5}},"13":{"start":{"line":19,"column":8},"end":{"line":20,"column":87}},"14":{"start":{"line":21,"column":8},"end":{"line":21,"column":57}},"15":{"start":{"line":22,"column":8},"end":{"line":22,"column":59}},"16":{"start":{"line":24,"column":4},"end":{"line":29,"column":5}},"17":{"start":{"line":25,"column":8},"end":{"line":26,"column":87}},"18":{"start":{"line":27,"column":8},"end":{"line":27,"column":55}},"19":{"start":{"line":28,"column":8},"end":{"line":28,"column":59}},"20":{"start":{"line":30,"column":4},"end":{"line":35,"column":5}},"21":{"start":{"line":31,"column":8},"end":{"line":32,"column":80}},"22":{"start":{"line":33,"column":8},"end":{"line":33,"column":54}},"23":{"start":{"line":34,"column":8},"end":{"line":34,"column":59}},"24":{"start":{"line":36,"column":4},"end":{"line":41,"column":5}},"25":{"start":{"line":37,"column":8},"end":{"line":38,"column":80}},"26":{"start":{"line":39,"column":8},"end":{"line":39,"column":56}},"27":{"start":{"line":40,"column":8},"end":{"line":40,"column":59}},"28":{"start":{"line":42,"column":27},"end":{"line":42,"column":57}},"29":{"start":{"line":43,"column":4},"end":{"line":43,"column":41}},"30":{"start":{"line":44,"column":4},"end":{"line":44,"column":52}},"31":{"start":{"line":45,"column":4},"end":{"line":45,"column":54}},"32":{"start":{"line":46,"column":4},"end":{"line":46,"column":56}},"33":{"start":{"line":47,"column":4},"end":{"line":47,"column":53}},"34":{"start":{"line":48,"column":25},"end":{"line":48,"column":56}},"35":{"start":{"line":49,"column":4},"end":{"line":106,"column":9}},"36":{"start":{"line":107,"column":17},"end":{"line":107,"column":30}},"37":{"start":{"line":108,"column":4},"end":{"line":108,"column":35}},"38":{"start":{"line":109,"column":4},"end":{"line":109,"column":44}}},"fnMap":{"0":{"name":"showToast","decl":{"start":{"line":1,"column":16},"end":{"line":1,"column":25}},"loc":{"start":{"line":4,"column":60},"end":{"line":110,"column":1}}},"1":{"name":"(anonymous_1)","decl":{"start":{"line":7,"column":19},"end":{"line":7,"column":20}},"loc":{"start":{"line":7,"column":29},"end":{"line":9,"column":5}}}},"branchMap":{"0":{"loc":{"start":{"line":4,"column":4},"end":{"line":4,"column":60}},"type":"default-arg","locations":[{"start":{"line":4,"column":53},"end":{"line":4,"column":60}}]},"1":{"loc":{"start":{"line":18,"column":4},"end":{"line":23,"column":5}},"type":"if","locations":[{"start":{"line":18,"column":4},"end":{"line":23,"column":5}},{"start":{},"end":{}}]},"2":{"loc":{"start":{"line":24,"column":4},"end":{"line":29,"column":5}},"type":"if","locations":[{"start":{"line":24,"column":4},"end":{"line":29,"column":5}},{"start":{},"end":{}}]},"3":{"loc":{"start":{"line":30,"column":4},"end":{"line":35,"column":5}},"type":"if","locations":[{"start":{"line":30,"column":4},"end":{"line":35,"column":5}},{"start":{},"end":{}}]},"4":{"loc":{"start":{"line":36,"column":4},"end":{"line":41,"column":5}},"type":"if","locations":[{"start":{"line":36,"column":4},"end":{"line":41,"column":5}},{"start":{},"end":{}}]}},"s":{"0":6,"1":6,"2":6,"3":3,"4":6,"5":6,"6":6,"7":6,"8":6,"9":6,"10":6,"11":6,"12":6,"13":1,"14":1,"15":1,"16":6,"17":1,"18":1,"19":1,"20":6,"21":1,"22":1,"23":1,"24":6,"25":3,"26":3,"27":3,"28":6,"29":6,"30":6,"31":6,"32":6,"33":6,"34":6,"35":6,"36":6,"37":6,"38":6},"f":{"0":6,"1":3},"b":{"0":[0],"1":[1,5],"2":[1,5],"3":[1,5],"4":[3,3]}}
,"/home/hawas.backer/Desktop/week5/day4/src/utils/util.ts": {"path":"/home/hawas.backer/Desktop/week5/day4/src/utils/util.ts","statementMap":{"0":{"start":{"line":7,"column":0},"end":{"line":7,"column":16}},"1":{"start":{"line":15,"column":0},"end":{"line":15,"column":7}},"2":{"start":{"line":26,"column":0},"end":{"line":26,"column":16}},"3":{"start":{"line":37,"column":0},"end":{"line":37,"column":16}},"4":{"start":{"line":110,"column":0},"end":{"line":110,"column":16}},"5":{"start":{"line":174,"column":0},"end":{"line":174,"column":7}},"6":{"start":{"line":188,"column":0},"end":{"line":188,"column":16}},"7":{"start":{"line":220,"column":0},"end":{"line":220,"column":16}},"8":{"start":{"line":290,"column":0},"end":{"line":290,"column":7}},"9":{"start":{"line":344,"column":0},"end":{"line":344,"column":16}},"10":{"start":{"line":379,"column":0},"end":{"line":379,"column":7}},"11":{"start":{"line":405,"column":0},"end":{"line":405,"column":7}},"12":{"start":{"line":1,"column":0},"end":{"line":1,"column":40}},"13":{"start":{"line":2,"column":0},"end":{"line":2,"column":45}},"14":{"start":{"line":3,"column":0},"end":{"line":3,"column":40}},"15":{"start":{"line":4,"column":0},"end":{"line":4,"column":44}},"16":{"start":{"line":12,"column":4},"end":{"line":12,"column":29}},"17":{"start":{"line":20,"column":13},"end":{"line":20,"column":25}},"18":{"start":{"line":21,"column":4},"end":{"line":23,"column":20}},"19":{"start":{"line":22,"column":8},"end":{"line":22,"column":32}},"20":{"start":{"line":23,"column":9},"end":{"line":23,"column":20}},"21":{"start":{"line":27,"column":19},"end":{"line":27,"column":51}},"22":{"start":{"line":28,"column":4},"end":{"line":28,"column":30}},"23":{"start":{"line":29,"column":4},"end":{"line":29,"column":51}},"24":{"start":{"line":30,"column":4},"end":{"line":30,"column":37}},"25":{"start":{"line":31,"column":4},"end":{"line":31,"column":33}},"26":{"start":{"line":32,"column":4},"end":{"line":32,"column":38}},"27":{"start":{"line":34,"column":4},"end":{"line":34,"column":18}},"28":{"start":{"line":46,"column":24},"end":{"line":46,"column":53}},"29":{"start":{"line":47,"column":4},"end":{"line":47,"column":38}},"30":{"start":{"line":48,"column":4},"end":{"line":51,"column":5}},"31":{"start":{"line":49,"column":8},"end":{"line":49,"column":44}},"32":{"start":{"line":50,"column":8},"end":{"line":50,"column":32}},"33":{"start":{"line":52,"column":25},"end":{"line":52,"column":54}},"34":{"start":{"line":53,"column":4},"end":{"line":53,"column":33}},"35":{"start":{"line":54,"column":4},"end":{"line":57,"column":7}},"36":{"start":{"line":55,"column":8},"end":{"line":56,"column":63}},"37":{"start":{"line":56,"column":12},"end":{"line":56,"column":63}},"38":{"start":{"line":58,"column":31},"end":{"line":58,"column":60}},"39":{"start":{"line":59,"column":4},"end":{"line":59,"column":52}},"40":{"start":{"line":60,"column":24},"end":{"line":60,"column":52}},"41":{"start":{"line":61,"column":4},"end":{"line":61,"column":50}},"42":{"start":{"line":62,"column":26},"end":{"line":62,"column":56}},"43":{"start":{"line":63,"column":4},"end":{"line":63,"column":42}},"44":{"start":{"line":64,"column":4},"end":{"line":64,"column":63}},"45":{"start":{"line":65,"column":27},"end":{"line":65,"column":56}},"46":{"start":{"line":66,"column":4},"end":{"line":66,"column":51}},"47":{"start":{"line":67,"column":4},"end":{"line":71,"column":5}},"48":{"start":{"line":67,"column":17},"end":{"line":67,"column":18}},"49":{"start":{"line":68,"column":8},"end":{"line":68,"column":27}},"50":{"start":{"line":68,"column":21},"end":{"line":68,"column":27}},"51":{"start":{"line":69,"column":21},"end":{"line":69,"column":58}},"52":{"start":{"line":70,"column":8},"end":{"line":70,"column":43}},"53":{"start":{"line":72,"column":4},"end":{"line":72,"column":74}},"54":{"start":{"line":73,"column":4},"end":{"line":88,"column":5}},"55":{"start":{"line":74,"column":23},"end":{"line":74,"column":55}},"56":{"start":{"line":75,"column":8},"end":{"line":75,"column":39}},"57":{"start":{"line":76,"column":8},"end":{"line":76,"column":46}},"58":{"start":{"line":77,"column":8},"end":{"line":77,"column":42}},"59":{"start":{"line":79,"column":8},"end":{"line":87,"column":11}},"60":{"start":{"line":80,"column":12},"end":{"line":86,"column":13}},"61":{"start":{"line":82,"column":20},"end":{"line":82,"column":69}},"62":{"start":{"line":84,"column":16},"end":{"line":84,"column":69}},"63":{"start":{"line":85,"column":16},"end":{"line":85,"column":66}},"64":{"start":{"line":89,"column":4},"end":{"line":89,"column":57}},"65":{"start":{"line":90,"column":4},"end":{"line":105,"column":7}},"66":{"start":{"line":91,"column":8},"end":{"line":95,"column":19}},"67":{"start":{"line":95,"column":12},"end":{"line":95,"column":19}},"68":{"start":{"line":97,"column":8},"end":{"line":104,"column":9}},"69":{"start":{"line":98,"column":25},"end":{"line":98,"column":59}},"70":{"start":{"line":99,"column":27},"end":{"line":99,"column":53}},"71":{"start":{"line":100,"column":12},"end":{"line":100,"column":66}},"72":{"start":{"line":101,"column":24},"end":{"line":101,"column":55}},"73":{"start":{"line":102,"column":12},"end":{"line":102,"column":43}},"74":{"start":{"line":103,"column":12},"end":{"line":103,"column":68}},"75":{"start":{"line":107,"column":4},"end":{"line":107,"column":23}},"76":{"start":{"line":111,"column":20},"end":{"line":111,"column":49}},"77":{"start":{"line":112,"column":4},"end":{"line":112,"column":37}},"78":{"start":{"line":113,"column":26},"end":{"line":113,"column":55}},"79":{"start":{"line":114,"column":4},"end":{"line":114,"column":42}},"80":{"start":{"line":115,"column":25},"end":{"line":115,"column":56}},"81":{"start":{"line":116,"column":4},"end":{"line":116,"column":46}},"82":{"start":{"line":117,"column":4},"end":{"line":117,"column":78}},"83":{"start":{"line":118,"column":25},"end":{"line":118,"column":57}},"84":{"start":{"line":119,"column":4},"end":{"line":119,"column":47}},"85":{"start":{"line":120,"column":4},"end":{"line":120,"column":40}},"86":{"start":{"line":121,"column":4},"end":{"line":121,"column":53}},"87":{"start":{"line":122,"column":27},"end":{"line":122,"column":56}},"88":{"start":{"line":123,"column":4},"end":{"line":123,"column":44}},"89":{"start":{"line":124,"column":4},"end":{"line":124,"column":43}},"90":{"start":{"line":125,"column":27},"end":{"line":125,"column":57}},"91":{"start":{"line":126,"column":4},"end":{"line":126,"column":44}},"92":{"start":{"line":127,"column":34},"end":{"line":127,"column":63}},"93":{"start":{"line":128,"column":4},"end":{"line":128,"column":65}},"94":{"start":{"line":129,"column":31},"end":{"line":129,"column":63}},"95":{"start":{"line":130,"column":4},"end":{"line":130,"column":59}},"96":{"start":{"line":131,"column":4},"end":{"line":131,"column":41}},"97":{"start":{"line":132,"column":4},"end":{"line":138,"column":6}},"98":{"start":{"line":140,"column":4},"end":{"line":142,"column":7}},"99":{"start":{"line":141,"column":8},"end":{"line":141,"column":39}},"100":{"start":{"line":144,"column":4},"end":{"line":169,"column":7}},"101":{"start":{"line":145,"column":8},"end":{"line":145,"column":50}},"102":{"start":{"line":146,"column":8},"end":{"line":146,"column":45}},"103":{"start":{"line":147,"column":8},"end":{"line":147,"column":40}},"104":{"start":{"line":148,"column":8},"end":{"line":168,"column":9}},"105":{"start":{"line":149,"column":30},"end":{"line":149,"column":71}},"106":{"start":{"line":150,"column":12},"end":{"line":150,"column":43}},"107":{"start":{"line":150,"column":36},"end":{"line":150,"column":43}},"108":{"start":{"line":151,"column":12},"end":{"line":156,"column":13}},"109":{"start":{"line":152,"column":16},"end":{"line":152,"column":78}},"110":{"start":{"line":153,"column":16},"end":{"line":153,"column":55}},"111":{"start":{"line":155,"column":16},"end":{"line":155,"column":23}},"112":{"start":{"line":157,"column":12},"end":{"line":167,"column":14}},"113":{"start":{"line":159,"column":20},"end":{"line":159,"column":64}},"114":{"start":{"line":160,"column":20},"end":{"line":160,"column":59}},"115":{"start":{"line":163,"column":20},"end":{"line":163,"column":68}},"116":{"start":{"line":164,"column":20},"end":{"line":164,"column":59}},"117":{"start":{"line":165,"column":20},"end":{"line":165,"column":39}},"118":{"start":{"line":171,"column":4},"end":{"line":171,"column":19}},"119":{"start":{"line":175,"column":4},"end":{"line":185,"column":5}},"120":{"start":{"line":176,"column":25},"end":{"line":176,"column":41}},"121":{"start":{"line":177,"column":8},"end":{"line":179,"column":9}},"122":{"start":{"line":178,"column":12},"end":{"line":178,"column":42}},"123":{"start":{"line":180,"column":29},"end":{"line":180,"column":50}},"124":{"start":{"line":182,"column":8},"end":{"line":182,"column":28}},"125":{"start":{"line":184,"column":8},"end":{"line":184,"column":67}},"126":{"start":{"line":184,"column":36},"end":{"line":184,"column":67}},"127":{"start":{"line":189,"column":4},"end":{"line":216,"column":5}},"128":{"start":{"line":191,"column":12},"end":{"line":194,"column":14}},"129":{"start":{"line":196,"column":23},"end":{"line":196,"column":39}},"130":{"start":{"line":197,"column":12},"end":{"line":200,"column":13}},"131":{"start":{"line":198,"column":16},"end":{"line":198,"column":44}},"132":{"start":{"line":199,"column":16},"end":{"line":199,"column":68}},"133":{"start":{"line":201,"column":12},"end":{"line":203,"column":13}},"134":{"start":{"line":202,"column":16},"end":{"line":202,"column":47}},"135":{"start":{"line":204,"column":12},"end":{"line":207,"column":14}},"136":{"start":{"line":210,"column":12},"end":{"line":213,"column":14}},"137":{"start":{"line":215,"column":12},"end":{"line":215,"column":25}},"138":{"start":{"line":224,"column":16},"end":{"line":224,"column":28}},"139":{"start":{"line":225,"column":63},"end":{"line":229,"column":6}},"140":{"start":{"line":231,"column":4},"end":{"line":283,"column":6}},"141":{"start":{"line":233,"column":12},"end":{"line":233,"column":25}},"142":{"start":{"line":237,"column":12},"end":{"line":245,"column":13}},"143":{"start":{"line":242,"column":16},"end":{"line":242,"column":68}},"144":{"start":{"line":244,"column":16},"end":{"line":244,"column":23}},"145":{"start":{"line":247,"column":12},"end":{"line":247,"column":43}},"146":{"start":{"line":250,"column":12},"end":{"line":255,"column":13}},"147":{"start":{"line":251,"column":16},"end":{"line":254,"column":18}},"148":{"start":{"line":256,"column":12},"end":{"line":268,"column":13}},"149":{"start":{"line":257,"column":28},"end":{"line":257,"column":62}},"150":{"start":{"line":258,"column":16},"end":{"line":267,"column":17}},"151":{"start":{"line":259,"column":47},"end":{"line":259,"column":64}},"152":{"start":{"line":260,"column":33},"end":{"line":260,"column":54}},"153":{"start":{"line":261,"column":20},"end":{"line":266,"column":23}},"154":{"start":{"line":271,"column":34},"end":{"line":271,"column":56}},"155":{"start":{"line":272,"column":12},"end":{"line":274,"column":13}},"156":{"start":{"line":273,"column":16},"end":{"line":273,"column":38}},"157":{"start":{"line":278,"column":12},"end":{"line":280,"column":13}},"158":{"start":{"line":279,"column":16},"end":{"line":279,"column":37}},"159":{"start":{"line":281,"column":12},"end":{"line":281,"column":43}},"160":{"start":{"line":293,"column":21},"end":{"line":293,"column":42}},"161":{"start":{"line":294,"column":17},"end":{"line":294,"column":38}},"162":{"start":{"line":295,"column":18},"end":{"line":295,"column":44}},"163":{"start":{"line":297,"column":20},"end":{"line":297,"column":39}},"164":{"start":{"line":298,"column":19},"end":{"line":298,"column":21}},"165":{"start":{"line":300,"column":4},"end":{"line":311,"column":5}},"166":{"start":{"line":300,"column":17},"end":{"line":300,"column":18}},"167":{"start":{"line":301,"column":8},"end":{"line":301,"column":39}},"168":{"start":{"line":301,"column":30},"end":{"line":301,"column":39}},"169":{"start":{"line":303,"column":23},"end":{"line":303,"column":42}},"170":{"start":{"line":304,"column":44},"end":{"line":304,"column":46}},"171":{"start":{"line":306,"column":8},"end":{"line":308,"column":11}},"172":{"start":{"line":307,"column":12},"end":{"line":307,"column":46}},"173":{"start":{"line":310,"column":8},"end":{"line":310,"column":25}},"174":{"start":{"line":313,"column":4},"end":{"line":313,"column":18}},"175":{"start":{"line":317,"column":19},"end":{"line":317,"column":21}},"176":{"start":{"line":318,"column":18},"end":{"line":318,"column":20}},"177":{"start":{"line":319,"column":19},"end":{"line":319,"column":24}},"178":{"start":{"line":321,"column":4},"end":{"line":337,"column":5}},"179":{"start":{"line":321,"column":17},"end":{"line":321,"column":18}},"180":{"start":{"line":322,"column":21},"end":{"line":322,"column":28}},"181":{"start":{"line":324,"column":8},"end":{"line":336,"column":9}},"182":{"start":{"line":325,"column":12},"end":{"line":330,"column":13}},"183":{"start":{"line":326,"column":16},"end":{"line":326,"column":31}},"184":{"start":{"line":327,"column":16},"end":{"line":327,"column":20}},"185":{"start":{"line":329,"column":16},"end":{"line":329,"column":37}},"186":{"start":{"line":331,"column":15},"end":{"line":336,"column":9}},"187":{"start":{"line":332,"column":12},"end":{"line":332,"column":33}},"188":{"start":{"line":333,"column":12},"end":{"line":333,"column":25}},"189":{"start":{"line":335,"column":12},"end":{"line":335,"column":28}},"190":{"start":{"line":339,"column":4},"end":{"line":339,"column":25}},"191":{"start":{"line":341,"column":4},"end":{"line":341,"column":18}},"192":{"start":{"line":349,"column":24},"end":{"line":349,"column":53}},"193":{"start":{"line":350,"column":4},"end":{"line":350,"column":38}},"194":{"start":{"line":351,"column":4},"end":{"line":351,"column":46}},"195":{"start":{"line":352,"column":25},"end":{"line":352,"column":54}},"196":{"start":{"line":353,"column":4},"end":{"line":353,"column":33}},"197":{"start":{"line":354,"column":4},"end":{"line":357,"column":7}},"198":{"start":{"line":355,"column":8},"end":{"line":356,"column":63}},"199":{"start":{"line":356,"column":12},"end":{"line":356,"column":63}},"200":{"start":{"line":358,"column":31},"end":{"line":358,"column":60}},"201":{"start":{"line":359,"column":4},"end":{"line":359,"column":52}},"202":{"start":{"line":360,"column":24},"end":{"line":360,"column":52}},"203":{"start":{"line":361,"column":4},"end":{"line":361,"column":51}},"204":{"start":{"line":362,"column":33},"end":{"line":362,"column":65}},"205":{"start":{"line":363,"column":4},"end":{"line":363,"column":63}},"206":{"start":{"line":364,"column":4},"end":{"line":364,"column":58}},"207":{"start":{"line":365,"column":4},"end":{"line":365,"column":65}},"208":{"start":{"line":366,"column":4},"end":{"line":366,"column":57}},"209":{"start":{"line":367,"column":4},"end":{"line":374,"column":7}},"210":{"start":{"line":368,"column":8},"end":{"line":373,"column":9}},"211":{"start":{"line":370,"column":16},"end":{"line":371,"column":27}},"212":{"start":{"line":372,"column":12},"end":{"line":372,"column":78}},"213":{"start":{"line":372,"column":38},"end":{"line":372,"column":78}},"214":{"start":{"line":376,"column":4},"end":{"line":376,"column":23}},"215":{"start":{"line":380,"column":20},"end":{"line":380,"column":54}},"216":{"start":{"line":381,"column":14},"end":{"line":381,"column":75}},"217":{"start":{"line":383,"column":4},"end":{"line":387,"column":5}},"218":{"start":{"line":384,"column":8},"end":{"line":384,"column":38}},"219":{"start":{"line":386,"column":8},"end":{"line":386,"column":52}},"220":{"start":{"line":389,"column":4},"end":{"line":390,"column":42}},"221":{"start":{"line":389,"column":37},"end":{"line":389,"column":52}},"222":{"start":{"line":390,"column":9},"end":{"line":390,"column":42}},"223":{"start":{"line":391,"column":17},"end":{"line":391,"column":40}},"224":{"start":{"line":392,"column":15},"end":{"line":399,"column":null}},"225":{"start":{"line":402,"column":4},"end":{"line":402,"column":16}},"226":{"start":{"line":406,"column":4},"end":{"line":406,"column":66}},"227":{"start":{"line":406,"column":59},"end":{"line":406,"column":66}},"228":{"start":{"line":407,"column":17},"end":{"line":407,"column":33}},"229":{"start":{"line":408,"column":21},"end":{"line":408,"column":27}},"230":{"start":{"line":409,"column":31},"end":{"line":409,"column":76}},"231":{"start":{"line":410,"column":29},"end":{"line":410,"column":62}},"232":{"start":{"line":411,"column":4},"end":{"line":414,"column":5}},"233":{"start":{"line":412,"column":21},"end":{"line":412,"column":48}},"234":{"start":{"line":413,"column":8},"end":{"line":413,"column":38}},"235":{"start":{"line":415,"column":20},"end":{"line":415,"column":59}},"236":{"start":{"line":416,"column":4},"end":{"line":416,"column":58}},"237":{"start":{"line":417,"column":4},"end":{"line":417,"column":37}}},"fnMap":{"0":{"name":"register","decl":{"start":{"line":7,"column":16},"end":{"line":7,"column":24}},"loc":{"start":{"line":10,"column":23},"end":{"line":13,"column":1}}},"1":{"name":"navigate","decl":{"start":{"line":15,"column":22},"end":{"line":15,"column":30}},"loc":{"start":{"line":18,"column":27},"end":{"line":24,"column":1}}},"2":{"name":"createButton","decl":{"start":{"line":26,"column":16},"end":{"line":26,"column":28}},"loc":{"start":{"line":26,"column":68},"end":{"line":35,"column":1}}},"3":{"name":"createCard","decl":{"start":{"line":37,"column":16},"end":{"line":37,"column":26}},"loc":{"start":{"line":44,"column":28},"end":{"line":108,"column":1}}},"4":{"name":"(anonymous_4)","decl":{"start":{"line":54,"column":43},"end":{"line":54,"column":44}},"loc":{"start":{"line":54,"column":53},"end":{"line":57,"column":5}}},"5":{"name":"(anonymous_5)","decl":{"start":{"line":79,"column":41},"end":{"line":79,"column":46}},"loc":{"start":{"line":79,"column":57},"end":{"line":87,"column":9}}},"6":{"name":"(anonymous_6)","decl":{"start":{"line":90,"column":42},"end":{"line":90,"column":43}},"loc":{"start":{"line":90,"column":52},"end":{"line":105,"column":5}}},"7":{"name":"createModal","decl":{"start":{"line":110,"column":16},"end":{"line":110,"column":27}},"loc":{"start":{"line":110,"column":27},"end":{"line":172,"column":1}}},"8":{"name":"(anonymous_8)","decl":{"start":{"line":140,"column":49},"end":{"line":140,"column":52}},"loc":{"start":{"line":140,"column":54},"end":{"line":142,"column":5}}},"9":{"name":"(anonymous_9)","decl":{"start":{"line":144,"column":43},"end":{"line":144,"column":48}},"loc":{"start":{"line":144,"column":54},"end":{"line":169,"column":5}}},"10":{"name":"(anonymous_10)","decl":{"start":{"line":158,"column":16},"end":{"line":158,"column":17}},"loc":{"start":{"line":158,"column":34},"end":{"line":161,"column":17}}},"11":{"name":"(anonymous_11)","decl":{"start":{"line":162,"column":16},"end":{"line":162,"column":17}},"loc":{"start":{"line":162,"column":26},"end":{"line":166,"column":17}}},"12":{"name":"fetchJson","decl":{"start":{"line":174,"column":22},"end":{"line":174,"column":31}},"loc":{"start":{"line":174,"column":43},"end":{"line":186,"column":1}}},"13":{"name":"reducer","decl":{"start":{"line":188,"column":16},"end":{"line":188,"column":23}},"loc":{"start":{"line":188,"column":61},"end":{"line":217,"column":1}}},"14":{"name":"createStore","decl":{"start":{"line":220,"column":16},"end":{"line":220,"column":27}},"loc":{"start":{"line":222,"column":61},"end":{"line":284,"column":1}}},"15":{"name":"(anonymous_15)","decl":{"start":{"line":232,"column":8},"end":{"line":232,"column":16}},"loc":{"start":{"line":232,"column":16},"end":{"line":234,"column":9}}},"16":{"name":"(anonymous_16)","decl":{"start":{"line":236,"column":8},"end":{"line":236,"column":13}},"loc":{"start":{"line":236,"column":46},"end":{"line":275,"column":9}}},"17":{"name":"(anonymous_17)","decl":{"start":{"line":277,"column":8},"end":{"line":277,"column":17}},"loc":{"start":{"line":277,"column":63},"end":{"line":282,"column":9}}},"18":{"name":"parseCSV","decl":{"start":{"line":290,"column":22},"end":{"line":290,"column":30}},"loc":{"start":{"line":291,"column":57},"end":{"line":314,"column":1}}},"19":{"name":"(anonymous_19)","decl":{"start":{"line":306,"column":24},"end":{"line":306,"column":25}},"loc":{"start":{"line":306,"column":42},"end":{"line":308,"column":9}}},"20":{"name":"parseLine","decl":{"start":{"line":316,"column":9},"end":{"line":316,"column":18}},"loc":{"start":{"line":316,"column":31},"end":{"line":342,"column":1}}},"21":{"name":"createSearchResultCard","decl":{"start":{"line":344,"column":16},"end":{"line":344,"column":38}},"loc":{"start":{"line":347,"column":21},"end":{"line":377,"column":1}}},"22":{"name":"(anonymous_22)","decl":{"start":{"line":354,"column":43},"end":{"line":354,"column":44}},"loc":{"start":{"line":354,"column":53},"end":{"line":357,"column":5}}},"23":{"name":"(anonymous_23)","decl":{"start":{"line":367,"column":51},"end":{"line":367,"column":56}},"loc":{"start":{"line":367,"column":67},"end":{"line":374,"column":5}}},"24":{"name":"addToWatchList","decl":{"start":{"line":379,"column":22},"end":{"line":379,"column":36}},"loc":{"start":{"line":379,"column":51},"end":{"line":403,"column":1}}},"25":{"name":"renderUpdatedMoviesList","decl":{"start":{"line":405,"column":22},"end":{"line":405,"column":45}},"loc":{"start":{"line":405,"column":58},"end":{"line":418,"column":1}}}},"branchMap":{"0":{"loc":{"start":{"line":21,"column":4},"end":{"line":23,"column":20}},"type":"if","locations":[{"start":{"line":21,"column":4},"end":{"line":23,"column":20}},{"start":{"line":23,"column":9},"end":{"line":23,"column":20}}]},"1":{"loc":{"start":{"line":21,"column":8},"end":{"line":21,"column":64}},"type":"binary-expr","locations":[{"start":{"line":21,"column":8},"end":{"line":21,"column":28}},{"start":{"line":21,"column":32},"end":{"line":21,"column":64}}]},"2":{"loc":{"start":{"line":26,"column":43},"end":{"line":26,"column":68}},"type":"default-arg","locations":[{"start":{"line":26,"column":61},"end":{"line":26,"column":68}}]},"3":{"loc":{"start":{"line":43,"column":4},"end":{"line":43,"column":32}},"type":"default-arg","locations":[{"start":{"line":43,"column":28},"end":{"line":43,"column":32}}]},"4":{"loc":{"start":{"line":44,"column":4},"end":{"line":44,"column":28}},"type":"default-arg","locations":[{"start":{"line":44,"column":21},"end":{"line":44,"column":28}}]},"5":{"loc":{"start":{"line":48,"column":4},"end":{"line":51,"column":5}},"type":"if","locations":[{"start":{"line":48,"column":4},"end":{"line":51,"column":5}},{"start":{},"end":{}}]},"6":{"loc":{"start":{"line":55,"column":8},"end":{"line":56,"column":63}},"type":"if","locations":[{"start":{"line":55,"column":8},"end":{"line":56,"column":63}},{"start":{},"end":{}}]},"7":{"loc":{"start":{"line":68,"column":8},"end":{"line":68,"column":27}},"type":"if","locations":[{"start":{"line":68,"column":8},"end":{"line":68,"column":27}},{"start":{},"end":{}}]},"8":{"loc":{"start":{"line":73,"column":4},"end":{"line":88,"column":5}},"type":"if","locations":[{"start":{"line":73,"column":4},"end":{"line":88,"column":5}},{"start":{},"end":{}}]},"9":{"loc":{"start":{"line":80,"column":12},"end":{"line":86,"column":13}},"type":"if","locations":[{"start":{"line":80,"column":12},"end":{"line":86,"column":13}},{"start":{},"end":{}}]},"10":{"loc":{"start":{"line":91,"column":8},"end":{"line":95,"column":19}},"type":"if","locations":[{"start":{"line":91,"column":8},"end":{"line":95,"column":19}},{"start":{},"end":{}}]},"11":{"loc":{"start":{"line":92,"column":12},"end":{"line":93,"column":54}},"type":"binary-expr","locations":[{"start":{"line":92,"column":12},"end":{"line":92,"column":47}},{"start":{"line":93,"column":12},"end":{"line":93,"column":54}}]},"12":{"loc":{"start":{"line":97,"column":8},"end":{"line":104,"column":9}},"type":"if","locations":[{"start":{"line":97,"column":8},"end":{"line":104,"column":9}},{"start":{},"end":{}}]},"13":{"loc":{"start":{"line":148,"column":8},"end":{"line":168,"column":9}},"type":"if","locations":[{"start":{"line":148,"column":8},"end":{"line":168,"column":9}},{"start":{},"end":{}}]},"14":{"loc":{"start":{"line":150,"column":12},"end":{"line":150,"column":43}},"type":"if","locations":[{"start":{"line":150,"column":12},"end":{"line":150,"column":43}},{"start":{},"end":{}}]},"15":{"loc":{"start":{"line":151,"column":12},"end":{"line":156,"column":13}},"type":"if","locations":[{"start":{"line":151,"column":12},"end":{"line":156,"column":13}},{"start":{},"end":{}}]},"16":{"loc":{"start":{"line":177,"column":8},"end":{"line":179,"column":9}},"type":"if","locations":[{"start":{"line":177,"column":8},"end":{"line":179,"column":9}},{"start":{},"end":{}}]},"17":{"loc":{"start":{"line":184,"column":8},"end":{"line":184,"column":67}},"type":"if","locations":[{"start":{"line":184,"column":8},"end":{"line":184,"column":67}},{"start":{},"end":{}}]},"18":{"loc":{"start":{"line":189,"column":4},"end":{"line":216,"column":5}},"type":"switch","locations":[{"start":{"line":190,"column":8},"end":{"line":194,"column":14}},{"start":{"line":195,"column":8},"end":{"line":208,"column":9}},{"start":{"line":209,"column":8},"end":{"line":213,"column":14}},{"start":{"line":214,"column":8},"end":{"line":215,"column":25}}]},"19":{"loc":{"start":{"line":197,"column":12},"end":{"line":200,"column":13}},"type":"if","locations":[{"start":{"line":197,"column":12},"end":{"line":200,"column":13}},{"start":{},"end":{}}]},"20":{"loc":{"start":{"line":201,"column":12},"end":{"line":203,"column":13}},"type":"if","locations":[{"start":{"line":201,"column":12},"end":{"line":203,"column":13}},{"start":{},"end":{}}]},"21":{"loc":{"start":{"line":237,"column":12},"end":{"line":245,"column":13}},"type":"if","locations":[{"start":{"line":237,"column":12},"end":{"line":245,"column":13}},{"start":{},"end":{}}]},"22":{"loc":{"start":{"line":238,"column":16},"end":{"line":240,"column":55}},"type":"binary-expr","locations":[{"start":{"line":238,"column":16},"end":{"line":238,"column":52}},{"start":{"line":239,"column":16},"end":{"line":239,"column":45}},{"start":{"line":240,"column":16},"end":{"line":240,"column":55}}]},"23":{"loc":{"start":{"line":250,"column":12},"end":{"line":255,"column":13}},"type":"if","locations":[{"start":{"line":250,"column":12},"end":{"line":255,"column":13}},{"start":{},"end":{}}]},"24":{"loc":{"start":{"line":256,"column":12},"end":{"line":268,"column":13}},"type":"if","locations":[{"start":{"line":256,"column":12},"end":{"line":268,"column":13}},{"start":{},"end":{}}]},"25":{"loc":{"start":{"line":258,"column":16},"end":{"line":267,"column":17}},"type":"if","locations":[{"start":{"line":258,"column":16},"end":{"line":267,"column":17}},{"start":{},"end":{}}]},"26":{"loc":{"start":{"line":278,"column":12},"end":{"line":280,"column":13}},"type":"if","locations":[{"start":{"line":278,"column":12},"end":{"line":280,"column":13}},{"start":{},"end":{}}]},"27":{"loc":{"start":{"line":291,"column":4},"end":{"line":291,"column":57}},"type":"default-arg","locations":[{"start":{"line":291,"column":15},"end":{"line":291,"column":57}}]},"28":{"loc":{"start":{"line":301,"column":8},"end":{"line":301,"column":39}},"type":"if","locations":[{"start":{"line":301,"column":8},"end":{"line":301,"column":39}},{"start":{},"end":{}}]},"29":{"loc":{"start":{"line":307,"column":26},"end":{"line":307,"column":45}},"type":"binary-expr","locations":[{"start":{"line":307,"column":26},"end":{"line":307,"column":39}},{"start":{"line":307,"column":43},"end":{"line":307,"column":45}}]},"30":{"loc":{"start":{"line":324,"column":8},"end":{"line":336,"column":9}},"type":"if","locations":[{"start":{"line":324,"column":8},"end":{"line":336,"column":9}},{"start":{"line":331,"column":15},"end":{"line":336,"column":9}}]},"31":{"loc":{"start":{"line":325,"column":12},"end":{"line":330,"column":13}},"type":"if","locations":[{"start":{"line":325,"column":12},"end":{"line":330,"column":13}},{"start":{"line":328,"column":19},"end":{"line":330,"column":13}}]},"32":{"loc":{"start":{"line":325,"column":16},"end":{"line":325,"column":47}},"type":"binary-expr","locations":[{"start":{"line":325,"column":16},"end":{"line":325,"column":24}},{"start":{"line":325,"column":28},"end":{"line":325,"column":47}}]},"33":{"loc":{"start":{"line":331,"column":15},"end":{"line":336,"column":9}},"type":"if","locations":[{"start":{"line":331,"column":15},"end":{"line":336,"column":9}},{"start":{"line":334,"column":15},"end":{"line":336,"column":9}}]},"34":{"loc":{"start":{"line":331,"column":19},"end":{"line":331,"column":44}},"type":"binary-expr","locations":[{"start":{"line":331,"column":19},"end":{"line":331,"column":31}},{"start":{"line":331,"column":35},"end":{"line":331,"column":44}}]},"35":{"loc":{"start":{"line":355,"column":8},"end":{"line":356,"column":63}},"type":"if","locations":[{"start":{"line":355,"column":8},"end":{"line":356,"column":63}},{"start":{},"end":{}}]},"36":{"loc":{"start":{"line":368,"column":8},"end":{"line":373,"column":9}},"type":"if","locations":[{"start":{"line":368,"column":8},"end":{"line":373,"column":9}},{"start":{},"end":{}}]},"37":{"loc":{"start":{"line":372,"column":12},"end":{"line":372,"column":78}},"type":"if","locations":[{"start":{"line":372,"column":12},"end":{"line":372,"column":78}},{"start":{},"end":{}}]},"38":{"loc":{"start":{"line":389,"column":4},"end":{"line":390,"column":42}},"type":"if","locations":[{"start":{"line":389,"column":4},"end":{"line":390,"column":42}},{"start":{"line":390,"column":9},"end":{"line":390,"column":42}}]},"39":{"loc":{"start":{"line":406,"column":4},"end":{"line":406,"column":66}},"type":"if","locations":[{"start":{"line":406,"column":4},"end":{"line":406,"column":66}},{"start":{},"end":{}}]}},"s":{"0":5,"1":5,"2":5,"3":5,"4":5,"5":5,"6":5,"7":5,"8":5,"9":5,"10":5,"11":5,"12":5,"13":5,"14":5,"15":5,"16":29,"17":11,"18":11,"19":2,"20":9,"21":532,"22":532,"23":532,"24":532,"25":532,"26":532,"27":532,"28":218,"29":218,"30":218,"31":218,"32":218,"33":218,"34":218,"35":218,"36":1,"37":1,"38":218,"39":218,"40":218,"41":218,"42":218,"43":218,"44":218,"45":218,"46":218,"47":218,"48":218,"49":532,"50":0,"51":532,"52":532,"53":218,"54":218,"55":3,"56":3,"57":3,"58":3,"59":3,"60":1,"61":1,"62":1,"63":1,"64":218,"65":218,"66":2,"67":1,"68":1,"69":1,"70":1,"71":1,"72":1,"73":1,"74":1,"75":218,"76":8,"77":8,"78":8,"79":8,"80":8,"81":8,"82":8,"83":8,"84":8,"85":8,"86":8,"87":8,"88":8,"89":8,"90":8,"91":8,"92":8,"93":8,"94":8,"95":8,"96":8,"97":8,"98":8,"99":1,"100":8,"101":3,"102":3,"103":3,"104":3,"105":3,"106":3,"107":0,"108":3,"109":1,"110":1,"111":1,"112":2,"113":1,"114":1,"115":1,"116":1,"117":1,"118":8,"119":4,"120":4,"121":4,"122":0,"123":4,"124":4,"125":0,"126":0,"127":11,"128":8,"129":2,"130":2,"131":1,"132":1,"133":2,"134":1,"135":2,"136":1,"137":0,"138":7,"139":7,"140":7,"141":1,"142":11,"143":0,"144":0,"145":11,"146":11,"147":3,"148":11,"149":8,"150":8,"151":1,"152":1,"153":1,"154":11,"155":11,"156":11,"157":12,"158":0,"159":12,"160":7,"161":7,"162":7,"163":7,"164":7,"165":7,"166":7,"167":700,"168":0,"169":700,"170":700,"171":700,"172":7700,"173":700,"174":7,"175":707,"176":707,"177":707,"178":707,"179":707,"180":295043,"181":295043,"182":3598,"183":14,"184":14,"185":3584,"186":291445,"187":7070,"188":7070,"189":284375,"190":707,"191":707,"192":11,"193":11,"194":11,"195":11,"196":11,"197":11,"198":0,"199":0,"200":11,"201":11,"202":11,"203":11,"204":11,"205":11,"206":11,"207":11,"208":11,"209":11,"210":0,"211":0,"212":0,"213":0,"214":11,"215":1,"216":1,"217":1,"218":1,"219":0,"220":1,"221":0,"222":1,"223":1,"224":1,"225":1,"226":9,"227":8,"228":1,"229":1,"230":1,"231":1,"232":1,"233":0,"234":0,"235":1,"236":1,"237":1},"f":{"0":29,"1":11,"2":532,"3":218,"4":1,"5":1,"6":2,"7":8,"8":1,"9":3,"10":1,"11":1,"12":4,"13":11,"14":7,"15":1,"16":11,"17":12,"18":7,"19":7700,"20":707,"21":11,"22":0,"23":0,"24":1,"25":9},"b":{"0":[2,9],"1":[11,11],"2":[0],"3":[0],"4":[215],"5":[218,0],"6":[1,0],"7":[0,532],"8":[3,215],"9":[1,0],"10":[1,1],"11":[2,2],"12":[1,0],"13":[3,0],"14":[0,3],"15":[1,2],"16":[0,4],"17":[0,0],"18":[8,2,1,0],"19":[1,1],"20":[1,1],"21":[0,11],"22":[11,3,2],"23":[3,8],"24":[8,3],"25":[1,7],"26":[0,12],"27":[7],"28":[0,700],"29":[7700,0],"30":[3598,291445],"31":[14,3584],"32":[3598,1806],"33":[7070,284375],"34":[291445,10983],"35":[0,0],"36":[0,0],"37":[0,0],"38":[0,1],"39":[8,1]}}
}
