TN:
SF:src/main.ts
FN:28,addAnchorEventListeners
FN:30,(anonymous_1)
FN:31,(anonymous_2)
FN:46,(anonymous_3)
FN:50,(anonymous_4)
FN:54,init
FN:84,onRouteChange
FN:94,onMoviesListChange
FN:102,(anonymous_8)
FN:106,(anonymous_9)
FN:113,(anonymous_10)
FNF:11
FNH:10
FNDA:6,addAnchorEventListeners
FNDA:4,(anonymous_1)
FNDA:4,(anonymous_2)
FNDA:3,(anonymous_3)
FNDA:0,(anonymous_4)
FNDA:3,init
FNDA:8,onRouteChange
FNDA:1,onMoviesListChange
FNDA:8,(anonymous_8)
FNDA:1,(anonymous_9)
FNDA:1,(anonymous_10)
DA:1,5
DA:2,5
DA:3,5
DA:4,5
DA:5,5
DA:6,5
DA:7,5
DA:8,5
DA:9,5
DA:10,5
DA:13,5
DA:20,5
DA:22,5
DA:23,5
DA:24,5
DA:25,5
DA:26,5
DA:28,5
DA:29,6
DA:30,6
DA:31,4
DA:32,4
DA:33,4
DA:34,4
DA:35,4
DA:36,4
DA:37,4
DA:38,4
DA:44,5
DA:46,5
DA:47,3
DA:50,5
DA:51,0
DA:55,3
DA:56,3
DA:57,3
DA:58,1
DA:59,1
DA:60,1
DA:61,1
DA:63,3
DA:64,0
DA:66,3
DA:67,3
DA:68,3
DA:73,5
DA:81,5
DA:84,5
DA:85,8
DA:94,5
DA:95,1
DA:102,5
DA:103,8
DA:104,8
DA:106,5
DA:108,1
DA:111,5
DA:112,5
DA:113,5
DA:114,1
DA:115,1
DA:116,1
DA:117,1
DA:118,1
LF:64
LH:62
BRDA:35,0,0,4
BRDA:35,0,1,0
BRDA:57,1,0,1
BRDA:57,1,1,2
BRDA:63,2,0,0
BRDA:63,2,1,3
BRDA:114,3,0,1
BRDA:114,3,1,0
BRDA:116,4,0,1
BRDA:116,4,1,0
BRDA:117,5,0,1
BRDA:117,5,1,0
BRF:12
BRH:7
end_of_record
TN:
SF:src/pages/detail.ts
FN:3,renderDetailPage
FNF:1
FNH:1
FNDA:1,renderDetailPage
DA:1,4
DA:3,4
DA:4,1
DA:5,1
DA:7,1
DA:8,1
DA:9,1
DA:10,1
DA:12,1
DA:13,1
DA:15,1
DA:16,1
DA:17,1
DA:18,1
DA:19,1
DA:20,1
DA:21,1
DA:23,1
DA:24,1
DA:25,1
DA:26,1
DA:27,1
DA:28,1
DA:29,1
DA:30,1
DA:31,1
DA:32,1
DA:33,1
DA:34,1
DA:35,1
DA:37,1
DA:39,1
DA:40,1
DA:42,0
LF:34
LH:33
BRDA:12,0,0,1
BRDA:12,0,1,0
BRF:2
BRH:1
end_of_record
TN:
SF:src/pages/home.ts
FN:4,renderHomePage
FNF:1
FNH:1
FNDA:5,renderHomePage
DA:1,5
DA:2,5
DA:4,5
DA:5,5
DA:6,5
DA:7,5
DA:8,5
DA:9,5
DA:10,5
DA:11,5
DA:12,5
DA:14,5
DA:15,5
DA:16,5
DA:17,5
DA:18,5
DA:20,5
DA:21,5
DA:23,5
DA:24,5
DA:26,5
DA:27,5
DA:28,5
DA:29,15
DA:30,15
DA:31,15
DA:32,15
DA:40,15
DA:42,5
DA:43,5
DA:45,5
DA:47,5
DA:48,5
DA:50,0
LF:34
LH:33
BRF:0
BRH:0
end_of_record
TN:
SF:src/pages/list.ts
FN:5,renderListPage
FNF:1
FNH:1
FNDA:2,renderListPage
DA:1,5
DA:2,5
DA:3,5
DA:5,5
DA:6,2
DA:7,2
DA:8,2
DA:9,2
DA:10,2
DA:12,2
DA:13,2
DA:14,2
DA:16,2
DA:17,2
DA:19,2
DA:21,2
DA:22,2
DA:23,2
DA:24,200
DA:25,200
DA:26,200
DA:27,200
DA:35,200
DA:37,2
DA:38,2
DA:39,2
DA:41,0
LF:27
LH:26
BRF:0
BRH:0
end_of_record
TN:
SF:src/pages/settings.ts
FN:1,renderSettingsPage
FNF:1
FNH:1
FNDA:1,renderSettingsPage
DA:1,5
DA:2,1
DA:3,1
DA:4,1
DA:5,1
DA:6,1
DA:7,1
DA:8,1
DA:10,1
DA:11,1
DA:12,1
DA:13,1
DA:14,1
DA:15,1
DA:16,1
DA:18,1
DA:19,1
DA:20,1
DA:21,1
DA:22,1
DA:24,1
DA:31,1
DA:33,1
DA:35,1
DA:36,1
LF:25
LH:25
BRF:0
BRH:0
end_of_record
TN:
SF:src/pages/watchlist.ts
FN:1,renderWatchList
FN:29,(anonymous_1)
FN:38,displayOverlay
FNF:3
FNH:3
FNDA:4,renderWatchList
FNDA:4,(anonymous_1)
FNDA:5,displayOverlay
DA:1,5
DA:2,4
DA:3,4
DA:4,4
DA:5,4
DA:6,4
DA:7,4
DA:9,4
DA:10,4
DA:11,4
DA:12,4
DA:14,4
DA:15,4
DA:17,4
DA:18,4
DA:25,4
DA:27,4
DA:28,4
DA:29,4
DA:30,4
DA:31,4
DA:33,0
DA:38,5
DA:39,5
DA:40,5
DA:41,4
DA:43,1
LF:27
LH:26
BRDA:40,0,0,4
BRDA:40,0,1,1
BRF:2
BRH:2
end_of_record
TN:
SF:src/utils/apiClient.ts
FN:1,fetchJson
FN:21,(anonymous_1)
FN:25,(anonymous_2)
FN:33,(anonymous_3)
FN:40,(anonymous_4)
FN:44,(anonymous_5)
FN:54,(anonymous_6)
FN:64,(anonymous_7)
FNF:8
FNH:8
FNDA:5,fetchJson
FNDA:1,(anonymous_1)
FNDA:4,(anonymous_2)
FNDA:4,(anonymous_3)
FNDA:1,(anonymous_4)
FNDA:1,(anonymous_5)
FNDA:1,(anonymous_6)
FNDA:1,(anonymous_7)
DA:1,2
DA:3,5
DA:4,5
DA:5,5
DA:6,1
DA:8,4
DA:10,1
DA:11,1
DA:15,4
DA:18,2
DA:22,1
DA:27,4
DA:28,4
DA:30,4
DA:34,4
DA:35,4
DA:37,4
DA:41,1
DA:45,1
DA:55,1
DA:65,1
LF:21
LH:21
BRDA:5,0,0,1
BRDA:5,0,1,4
BRDA:10,1,0,1
BRDA:10,1,1,0
BRF:4
BRH:3
end_of_record
TN:
SF:src/utils/queue.ts
FN:3,(anonymous_0)
FN:6,(anonymous_1)
FN:9,(anonymous_2)
FN:12,(anonymous_3)
FN:15,(anonymous_4)
FNF:5
FNH:4
FNDA:3,(anonymous_0)
FNDA:3,(anonymous_1)
FNDA:3,(anonymous_2)
FNDA:0,(anonymous_3)
FNDA:3,(anonymous_4)
DA:1,1
DA:4,3
DA:7,3
DA:10,3
DA:13,0
DA:16,3
LF:6
LH:5
BRF:0
BRH:0
end_of_record
TN:
SF:src/utils/searchMovie.ts
FN:4,searchMovie
FNF:1
FNH:1
FNDA:2,searchMovie
DA:1,5
DA:2,5
DA:4,5
DA:5,2
DA:6,2
DA:7,2
DA:8,1
DA:10,1
DA:11,1
DA:12,1
DA:13,10
DA:18,10
DA:20,10
DA:23,1
LF:14
LH:14
BRDA:7,0,0,1
BRDA:7,0,1,1
BRF:2
BRH:2
end_of_record
TN:
SF:src/utils/showToast.ts
FN:1,showToast
FN:7,(anonymous_1)
FNF:2
FNH:2
FNDA:6,showToast
FNDA:3,(anonymous_1)
DA:1,6
DA:6,6
DA:7,6
DA:8,3
DA:10,6
DA:11,6
DA:12,6
DA:13,6
DA:14,6
DA:15,6
DA:16,6
DA:17,6
DA:18,6
DA:19,1
DA:21,1
DA:22,1
DA:24,6
DA:25,1
DA:27,1
DA:28,1
DA:30,6
DA:31,1
DA:33,1
DA:34,1
DA:36,6
DA:37,3
DA:39,3
DA:40,3
DA:42,6
DA:43,6
DA:44,6
DA:45,6
DA:46,6
DA:47,6
DA:48,6
DA:49,6
DA:107,6
DA:108,6
DA:109,6
LF:39
LH:39
BRDA:4,0,0,0
BRDA:18,1,0,1
BRDA:18,1,1,5
BRDA:24,2,0,1
BRDA:24,2,1,5
BRDA:30,3,0,1
BRDA:30,3,1,5
BRDA:36,4,0,3
BRDA:36,4,1,3
BRF:9
BRH:8
end_of_record
TN:
SF:src/utils/util.ts
FN:7,register
FN:15,navigate
FN:26,createButton
FN:37,createCard
FN:54,(anonymous_4)
FN:79,(anonymous_5)
FN:90,(anonymous_6)
FN:110,createModal
FN:140,(anonymous_8)
FN:144,(anonymous_9)
FN:158,(anonymous_10)
FN:162,(anonymous_11)
FN:174,fetchJson
FN:188,reducer
FN:220,createStore
FN:232,(anonymous_15)
FN:236,(anonymous_16)
FN:277,(anonymous_17)
FN:290,parseCSV
FN:306,(anonymous_19)
FN:316,parseLine
FN:344,createSearchResultCard
FN:354,(anonymous_22)
FN:367,(anonymous_23)
FN:379,addToWatchList
FN:405,renderUpdatedMoviesList
FNF:26
FNH:24
FNDA:29,register
FNDA:11,navigate
FNDA:532,createButton
FNDA:218,createCard
FNDA:1,(anonymous_4)
FNDA:1,(anonymous_5)
FNDA:2,(anonymous_6)
FNDA:8,createModal
FNDA:1,(anonymous_8)
FNDA:3,(anonymous_9)
FNDA:1,(anonymous_10)
FNDA:1,(anonymous_11)
FNDA:4,fetchJson
FNDA:11,reducer
FNDA:7,createStore
FNDA:1,(anonymous_15)
FNDA:11,(anonymous_16)
FNDA:12,(anonymous_17)
FNDA:7,parseCSV
FNDA:7700,(anonymous_19)
FNDA:707,parseLine
FNDA:11,createSearchResultCard
FNDA:0,(anonymous_22)
FNDA:0,(anonymous_23)
FNDA:1,addToWatchList
FNDA:9,renderUpdatedMoviesList
DA:1,5
DA:2,5
DA:3,5
DA:4,5
DA:7,5
DA:12,29
DA:15,5
DA:20,11
DA:21,11
DA:22,2
DA:23,9
DA:26,5
DA:27,532
DA:28,532
DA:29,532
DA:30,532
DA:31,532
DA:32,532
DA:34,532
DA:37,5
DA:46,218
DA:47,218
DA:48,218
DA:49,218
DA:50,218
DA:52,218
DA:53,218
DA:54,218
DA:55,1
DA:56,1
DA:58,218
DA:59,218
DA:60,218
DA:61,218
DA:62,218
DA:63,218
DA:64,218
DA:65,218
DA:66,218
DA:67,218
DA:68,532
DA:69,532
DA:70,532
DA:72,218
DA:73,218
DA:74,3
DA:75,3
DA:76,3
DA:77,3
DA:79,3
DA:80,1
DA:82,1
DA:84,1
DA:85,1
DA:89,218
DA:90,218
DA:91,2
DA:95,1
DA:97,1
DA:98,1
DA:99,1
DA:100,1
DA:101,1
DA:102,1
DA:103,1
DA:107,218
DA:110,5
DA:111,8
DA:112,8
DA:113,8
DA:114,8
DA:115,8
DA:116,8
DA:117,8
DA:118,8
DA:119,8
DA:120,8
DA:121,8
DA:122,8
DA:123,8
DA:124,8
DA:125,8
DA:126,8
DA:127,8
DA:128,8
DA:129,8
DA:130,8
DA:131,8
DA:132,8
DA:140,8
DA:141,1
DA:144,8
DA:145,3
DA:146,3
DA:147,3
DA:148,3
DA:149,3
DA:150,3
DA:151,3
DA:152,1
DA:153,1
DA:155,1
DA:157,2
DA:159,1
DA:160,1
DA:163,1
DA:164,1
DA:165,1
DA:171,8
DA:174,5
DA:175,4
DA:176,4
DA:177,4
DA:178,0
DA:180,4
DA:182,4
DA:184,0
DA:188,5
DA:189,11
DA:191,8
DA:196,2
DA:197,2
DA:198,1
DA:199,1
DA:201,2
DA:202,1
DA:204,2
DA:210,1
DA:215,0
DA:220,5
DA:224,7
DA:225,7
DA:231,7
DA:233,1
DA:237,11
DA:242,0
DA:244,0
DA:247,11
DA:250,11
DA:251,3
DA:256,11
DA:257,8
DA:258,8
DA:259,1
DA:260,1
DA:261,1
DA:271,11
DA:272,11
DA:273,11
DA:278,12
DA:279,0
DA:281,12
DA:290,5
DA:293,7
DA:294,7
DA:295,7
DA:297,7
DA:298,7
DA:300,7
DA:301,700
DA:303,700
DA:304,700
DA:306,700
DA:307,7700
DA:310,700
DA:313,7
DA:317,707
DA:318,707
DA:319,707
DA:321,707
DA:322,295043
DA:324,295043
DA:325,3598
DA:326,14
DA:327,14
DA:329,3584
DA:331,291445
DA:332,7070
DA:333,7070
DA:335,284375
DA:339,707
DA:341,707
DA:344,5
DA:349,11
DA:350,11
DA:351,11
DA:352,11
DA:353,11
DA:354,11
DA:355,0
DA:356,0
DA:358,11
DA:359,11
DA:360,11
DA:361,11
DA:362,11
DA:363,11
DA:364,11
DA:365,11
DA:366,11
DA:367,11
DA:368,0
DA:370,0
DA:372,0
DA:376,11
DA:379,5
DA:380,1
DA:381,1
DA:383,1
DA:384,1
DA:386,0
DA:389,1
DA:390,1
DA:391,1
DA:392,1
DA:402,1
DA:405,5
DA:406,9
DA:407,1
DA:408,1
DA:409,1
DA:410,1
DA:411,1
DA:412,0
DA:413,0
DA:415,1
DA:416,1
DA:417,1
LF:228
LH:214
BRDA:21,0,0,2
BRDA:21,0,1,9
BRDA:21,1,0,11
BRDA:21,1,1,11
BRDA:26,2,0,0
BRDA:43,3,0,0
BRDA:44,4,0,215
BRDA:48,5,0,218
BRDA:48,5,1,0
BRDA:55,6,0,1
BRDA:55,6,1,0
BRDA:68,7,0,0
BRDA:68,7,1,532
BRDA:73,8,0,3
BRDA:73,8,1,215
BRDA:80,9,0,1
BRDA:80,9,1,0
BRDA:91,10,0,1
BRDA:91,10,1,1
BRDA:92,11,0,2
BRDA:92,11,1,2
BRDA:97,12,0,1
BRDA:97,12,1,0
BRDA:148,13,0,3
BRDA:148,13,1,0
BRDA:150,14,0,0
BRDA:150,14,1,3
BRDA:151,15,0,1
BRDA:151,15,1,2
BRDA:177,16,0,0
BRDA:177,16,1,4
BRDA:184,17,0,0
BRDA:184,17,1,0
BRDA:189,18,0,8
BRDA:189,18,1,2
BRDA:189,18,2,1
BRDA:189,18,3,0
BRDA:197,19,0,1
BRDA:197,19,1,1
BRDA:201,20,0,1
BRDA:201,20,1,1
BRDA:237,21,0,0
BRDA:237,21,1,11
BRDA:238,22,0,11
BRDA:238,22,1,3
BRDA:238,22,2,2
BRDA:250,23,0,3
BRDA:250,23,1,8
BRDA:256,24,0,8
BRDA:256,24,1,3
BRDA:258,25,0,1
BRDA:258,25,1,7
BRDA:278,26,0,0
BRDA:278,26,1,12
BRDA:291,27,0,7
BRDA:301,28,0,0
BRDA:301,28,1,700
BRDA:307,29,0,7700
BRDA:307,29,1,0
BRDA:324,30,0,3598
BRDA:324,30,1,291445
BRDA:325,31,0,14
BRDA:325,31,1,3584
BRDA:325,32,0,3598
BRDA:325,32,1,1806
BRDA:331,33,0,7070
BRDA:331,33,1,284375
BRDA:331,34,0,291445
BRDA:331,34,1,10983
BRDA:355,35,0,0
BRDA:355,35,1,0
BRDA:368,36,0,0
BRDA:368,36,1,0
BRDA:372,37,0,0
BRDA:372,37,1,0
BRDA:389,38,0,0
BRDA:389,38,1,1
BRDA:406,39,0,8
BRDA:406,39,1,1
BRF:79
BRH:55
end_of_record
